CRITICAL - 2020-11-17 00:20:51 --> Unable to connect to the database.
#0 C:\xampp\htdocs\ci_4\vendor\codeigniter4\framework\system\Database\BaseConnection.php(646): CodeIgniter\Database\BaseConnection->initialize()
#1 C:\xampp\htdocs\ci_4\vendor\codeigniter4\framework\system\Database\BaseBuilder.php(1860): CodeIgniter\Database\BaseConnection->query('SELECT *\nFROM `...', Array, false)
#2 C:\xampp\htdocs\ci_4\vendor\codeigniter4\framework\system\Model.php(462): CodeIgniter\Database\BaseBuilder->get()
#3 C:\xampp\htdocs\ci_4\app\Models\ComicModel.php(16): CodeIgniter\Model->findAll()
#4 C:\xampp\htdocs\ci_4\app\Controllers\Comics.php(20): App\Models\ComicModel->getComic()
#5 C:\xampp\htdocs\ci_4\vendor\codeigniter4\framework\system\CodeIgniter.php(918): App\Controllers\Comics->index()
#6 C:\xampp\htdocs\ci_4\vendor\codeigniter4\framework\system\CodeIgniter.php(404): CodeIgniter\CodeIgniter->runController(Object(App\Controllers\Comics))
#7 C:\xampp\htdocs\ci_4\vendor\codeigniter4\framework\system\CodeIgniter.php(312): CodeIgniter\CodeIgniter->handleRequest(NULL, Object(Config\Cache), false)
#8 C:\xampp\htdocs\ci_4\public\index.php(45): CodeIgniter\CodeIgniter->run()
#9 C:\xampp\htdocs\ci_4\vendor\codeigniter4\framework\system\Commands\Server\rewrite.php(34): require_once('C:\\xampp\\htdocs...')
#10 {main}
CRITICAL - 2020-11-17 00:45:49 --> Call to undefined method CodeIgniter\Validation\Validation::geetError()
#0 C:\xampp\htdocs\ci_4\vendor\codeigniter4\framework\system\View\View.php(246): include()
#1 C:\xampp\htdocs\ci_4\vendor\codeigniter4\framework\system\Common.php(1119): CodeIgniter\View\View->render('comics/create', Array, true)
#2 C:\xampp\htdocs\ci_4\app\Controllers\Comics.php(58): view('comics/create', Array)
#3 C:\xampp\htdocs\ci_4\vendor\codeigniter4\framework\system\CodeIgniter.php(918): App\Controllers\Comics->create()
#4 C:\xampp\htdocs\ci_4\vendor\codeigniter4\framework\system\CodeIgniter.php(404): CodeIgniter\CodeIgniter->runController(Object(App\Controllers\Comics))
#5 C:\xampp\htdocs\ci_4\vendor\codeigniter4\framework\system\CodeIgniter.php(312): CodeIgniter\CodeIgniter->handleRequest(NULL, Object(Config\Cache), false)
#6 C:\xampp\htdocs\ci_4\public\index.php(45): CodeIgniter\CodeIgniter->run()
#7 C:\xampp\htdocs\ci_4\vendor\codeigniter4\framework\system\Commands\Server\rewrite.php(34): require_once('C:\\xampp\\htdocs...')
#8 {main}
CRITICAL - 2020-11-17 00:45:57 --> Call to undefined method CodeIgniter\Validation\Validation::geetError()
#0 C:\xampp\htdocs\ci_4\vendor\codeigniter4\framework\system\View\View.php(246): include()
#1 C:\xampp\htdocs\ci_4\vendor\codeigniter4\framework\system\Common.php(1119): CodeIgniter\View\View->render('comics/create', Array, true)
#2 C:\xampp\htdocs\ci_4\app\Controllers\Comics.php(58): view('comics/create', Array)
#3 C:\xampp\htdocs\ci_4\vendor\codeigniter4\framework\system\CodeIgniter.php(918): App\Controllers\Comics->create()
#4 C:\xampp\htdocs\ci_4\vendor\codeigniter4\framework\system\CodeIgniter.php(404): CodeIgniter\CodeIgniter->runController(Object(App\Controllers\Comics))
#5 C:\xampp\htdocs\ci_4\vendor\codeigniter4\framework\system\CodeIgniter.php(312): CodeIgniter\CodeIgniter->handleRequest(NULL, Object(Config\Cache), false)
#6 C:\xampp\htdocs\ci_4\public\index.php(45): CodeIgniter\CodeIgniter->run()
#7 C:\xampp\htdocs\ci_4\vendor\codeigniter4\framework\system\Commands\Server\rewrite.php(34): require_once('C:\\xampp\\htdocs...')
#8 {main}
